{"D:\\Documentos varios\\Documentos\\Rolling - Web Development\\Codigo\\react\\expensify\\server\\server.js": {"path":"D:\\Documentos varios\\Documentos\\Rolling - Web Development\\Codigo\\react\\expensify\\server\\server.js","statementMap":{"0":{"start":{"line":1,"column":0},"end":{"line":1,"column":27}},"1":{"start":{"line":3,"column":16},"end":{"line":3,"column":34}},"2":{"start":{"line":4,"column":15},"end":{"line":4,"column":32}},"3":{"start":{"line":5,"column":17},"end":{"line":5,"column":36}},"4":{"start":{"line":6,"column":16},"end":{"line":6,"column":42}},"5":{"start":{"line":7,"column":13},"end":{"line":7,"column":28}},"6":{"start":{"line":9,"column":12},"end":{"line":9,"column":21}},"7":{"start":{"line":10,"column":19},"end":{"line":10,"column":48}},"8":{"start":{"line":11,"column":25},"end":{"line":11,"column":66}},"9":{"start":{"line":12,"column":23},"end":{"line":12,"column":60}},"10":{"start":{"line":16,"column":0},"end":{"line":16,"column":31}},"11":{"start":{"line":17,"column":0},"end":{"line":17,"column":33}},"12":{"start":{"line":20,"column":0},"end":{"line":20,"column":42}},"13":{"start":{"line":24,"column":0},"end":{"line":24,"column":16}},"14":{"start":{"line":25,"column":0},"end":{"line":27,"column":1}},"15":{"start":{"line":26,"column":2},"end":{"line":26,"column":25}},"16":{"start":{"line":28,"column":0},"end":{"line":28,"column":24}},"17":{"start":{"line":29,"column":0},"end":{"line":29,"column":49}},"18":{"start":{"line":30,"column":0},"end":{"line":36,"column":2}},"19":{"start":{"line":37,"column":0},"end":{"line":37,"column":31}},"20":{"start":{"line":38,"column":0},"end":{"line":38,"column":28}},"21":{"start":{"line":41,"column":0},"end":{"line":41,"column":20}},"22":{"start":{"line":42,"column":0},"end":{"line":42,"column":26}},"23":{"start":{"line":43,"column":0},"end":{"line":43,"column":24}},"24":{"start":{"line":49,"column":0},"end":{"line":53,"column":1}},"25":{"start":{"line":50,"column":2},"end":{"line":52,"column":5}},"26":{"start":{"line":51,"column":4},"end":{"line":51,"column":53}},"27":{"start":{"line":55,"column":0},"end":{"line":55,"column":21}}},"fnMap":{"0":{"name":"(anonymous_0)","decl":{"start":{"line":50,"column":30},"end":{"line":50,"column":31}},"loc":{"start":{"line":50,"column":36},"end":{"line":52,"column":3}},"line":50}},"branchMap":{"0":{"loc":{"start":{"line":20,"column":16},"end":{"line":20,"column":40}},"type":"binary-expr","locations":[{"start":{"line":20,"column":16},"end":{"line":20,"column":32}},{"start":{"line":20,"column":36},"end":{"line":20,"column":40}}],"line":20},"1":{"loc":{"start":{"line":25,"column":0},"end":{"line":27,"column":1}},"type":"if","locations":[{"start":{"line":25,"column":0},"end":{"line":27,"column":1}},{"start":{},"end":{}}],"line":25},"2":{"loc":{"start":{"line":49,"column":0},"end":{"line":53,"column":1}},"type":"if","locations":[{"start":{"line":49,"column":0},"end":{"line":53,"column":1}},{"start":{},"end":{}}],"line":49}},"s":{"0":3,"1":3,"2":3,"3":3,"4":3,"5":3,"6":3,"7":3,"8":3,"9":3,"10":3,"11":3,"12":3,"13":3,"14":3,"15":0,"16":3,"17":3,"18":3,"19":3,"20":3,"21":3,"22":3,"23":3,"24":3,"25":0,"26":0,"27":3},"f":{"0":0},"b":{"0":[3,3],"1":[0,3],"2":[0,3]},"_coverageSchema":"1a1c01bbd47fc00a2c39e90264f33305004495a9","hash":"be3c29955835bc80e0322a33fa1eec62e03abded"}
,"D:\\Documentos varios\\Documentos\\Rolling - Web Development\\Codigo\\react\\expensify\\server\\database\\database.js": {"path":"D:\\Documentos varios\\Documentos\\Rolling - Web Development\\Codigo\\react\\expensify\\server\\database\\database.js","statementMap":{"0":{"start":{"line":1,"column":20},"end":{"line":1,"column":37}},"1":{"start":{"line":2,"column":17},"end":{"line":2,"column":36}},"2":{"start":{"line":4,"column":0},"end":{"line":7,"column":36}},"3":{"start":{"line":6,"column":14},"end":{"line":6,"column":85}},"4":{"start":{"line":7,"column":18},"end":{"line":7,"column":34}}},"fnMap":{"0":{"name":"(anonymous_0)","decl":{"start":{"line":6,"column":8},"end":{"line":6,"column":9}},"loc":{"start":{"line":6,"column":14},"end":{"line":6,"column":85}},"line":6},"1":{"name":"(anonymous_1)","decl":{"start":{"line":7,"column":9},"end":{"line":7,"column":10}},"loc":{"start":{"line":7,"column":18},"end":{"line":7,"column":34}},"line":7}},"branchMap":{"0":{"loc":{"start":{"line":6,"column":14},"end":{"line":6,"column":85}},"type":"cond-expr","locations":[{"start":{"line":6,"column":48},"end":{"line":6,"column":78}},{"start":{"line":6,"column":81},"end":{"line":6,"column":85}}],"line":6}},"s":{"0":3,"1":3,"2":3,"3":2,"4":0},"f":{"0":2,"1":0},"b":{"0":[0,2]},"_coverageSchema":"1a1c01bbd47fc00a2c39e90264f33305004495a9","hash":"43c3babbb96b2e8a5a994acdb98caab4dee9ef4d"}
,"D:\\Documentos varios\\Documentos\\Rolling - Web Development\\Codigo\\react\\expensify\\server\\database\\keys.js": {"path":"D:\\Documentos varios\\Documentos\\Rolling - Web Development\\Codigo\\react\\expensify\\server\\database\\keys.js","statementMap":{"0":{"start":{"line":1,"column":0},"end":{"line":5,"column":2}}},"fnMap":{},"branchMap":{"0":{"loc":{"start":{"line":3,"column":9},"end":{"line":3,"column":103}},"type":"cond-expr","locations":[{"start":{"line":3,"column":49},"end":{"line":3,"column":77}},{"start":{"line":3,"column":80},"end":{"line":3,"column":103}}],"line":3}},"s":{"0":3},"f":{},"b":{"0":[3,0]},"_coverageSchema":"1a1c01bbd47fc00a2c39e90264f33305004495a9","hash":"9e47f52654f9aeba47d10e69ac9da33acefae01d"}
,"D:\\Documentos varios\\Documentos\\Rolling - Web Development\\Codigo\\react\\expensify\\server\\helpers\\generarCodigo.js": {"path":"D:\\Documentos varios\\Documentos\\Rolling - Web Development\\Codigo\\react\\expensify\\server\\helpers\\generarCodigo.js","statementMap":{"0":{"start":{"line":2,"column":15},"end":{"line":2,"column":17}},"1":{"start":{"line":3,"column":21},"end":{"line":3,"column":59}},"2":{"start":{"line":4,"column":2},"end":{"line":6,"column":3}},"3":{"start":{"line":4,"column":15},"end":{"line":4,"column":16}},"4":{"start":{"line":5,"column":4},"end":{"line":5,"column":79}},"5":{"start":{"line":7,"column":2},"end":{"line":7,"column":16}},"6":{"start":{"line":10,"column":0},"end":{"line":10,"column":31}}},"fnMap":{"0":{"name":"generarCodigo","decl":{"start":{"line":1,"column":9},"end":{"line":1,"column":22}},"loc":{"start":{"line":1,"column":26},"end":{"line":8,"column":1}},"line":1}},"branchMap":{},"s":{"0":8,"1":8,"2":8,"3":8,"4":64,"5":8,"6":3},"f":{"0":8},"b":{},"_coverageSchema":"1a1c01bbd47fc00a2c39e90264f33305004495a9","hash":"10c6176294f9deca30b560ff76e60af97350dceb"}
,"D:\\Documentos varios\\Documentos\\Rolling - Web Development\\Codigo\\react\\expensify\\server\\helpers\\isAuthenticated.js": {"path":"D:\\Documentos varios\\Documentos\\Rolling - Web Development\\Codigo\\react\\expensify\\server\\helpers\\isAuthenticated.js","statementMap":{"0":{"start":{"line":2,"column":2},"end":{"line":4,"column":3}},"1":{"start":{"line":3,"column":4},"end":{"line":3,"column":18}},"2":{"start":{"line":5,"column":2},"end":{"line":5,"column":29}},"3":{"start":{"line":8,"column":0},"end":{"line":8,"column":33}}},"fnMap":{"0":{"name":"isAuthenticated","decl":{"start":{"line":1,"column":9},"end":{"line":1,"column":24}},"loc":{"start":{"line":1,"column":41},"end":{"line":6,"column":1}},"line":1}},"branchMap":{"0":{"loc":{"start":{"line":2,"column":2},"end":{"line":4,"column":3}},"type":"if","locations":[{"start":{"line":2,"column":2},"end":{"line":4,"column":3}},{"start":{},"end":{}}],"line":2},"1":{"loc":{"start":{"line":2,"column":6},"end":{"line":2,"column":62}},"type":"binary-expr","locations":[{"start":{"line":2,"column":6},"end":{"line":2,"column":37}},{"start":{"line":2,"column":41},"end":{"line":2,"column":62}}],"line":2}},"s":{"0":26,"1":26,"2":0,"3":3},"f":{"0":26},"b":{"0":[26,0],"1":[26,0]},"_coverageSchema":"1a1c01bbd47fc00a2c39e90264f33305004495a9","hash":"6fe5608ed60f10bcc6bc1ef327c45372a4668e48"}
,"D:\\Documentos varios\\Documentos\\Rolling - Web Development\\Codigo\\react\\expensify\\server\\helpers\\stringify.js": {"path":"D:\\Documentos varios\\Documentos\\Rolling - Web Development\\Codigo\\react\\expensify\\server\\helpers\\stringify.js","statementMap":{"0":{"start":{"line":2,"column":4},"end":{"line":2,"column":138}},"1":{"start":{"line":5,"column":0},"end":{"line":5,"column":27}}},"fnMap":{"0":{"name":"stringify","decl":{"start":{"line":1,"column":9},"end":{"line":1,"column":18}},"loc":{"start":{"line":1,"column":28},"end":{"line":3,"column":1}},"line":1}},"branchMap":{"0":{"loc":{"start":{"line":2,"column":11},"end":{"line":2,"column":137}},"type":"cond-expr","locations":[{"start":{"line":2,"column":18},"end":{"line":2,"column":83}},{"start":{"line":2,"column":86},"end":{"line":2,"column":137}}],"line":2}},"s":{"0":8,"1":3},"f":{"0":8},"b":{"0":[5,3]},"_coverageSchema":"1a1c01bbd47fc00a2c39e90264f33305004495a9","hash":"aa2557bb0c82b830edbe6451a726d77e3fb0552d"}
,"D:\\Documentos varios\\Documentos\\Rolling - Web Development\\Codigo\\react\\expensify\\server\\helpers\\testFunctions.js": {"path":"D:\\Documentos varios\\Documentos\\Rolling - Web Development\\Codigo\\react\\expensify\\server\\helpers\\testFunctions.js","statementMap":{"0":{"start":{"line":1,"column":18},"end":{"line":1,"column":38}},"1":{"start":{"line":2,"column":12},"end":{"line":2,"column":32}},"2":{"start":{"line":4,"column":21},"end":{"line":6,"column":1}},"3":{"start":{"line":5,"column":2},"end":{"line":5,"column":53}},"4":{"start":{"line":8,"column":21},"end":{"line":14,"column":1}},"5":{"start":{"line":9,"column":10},"end":{"line":9,"column":12}},"6":{"start":{"line":10,"column":2},"end":{"line":12,"column":3}},"7":{"start":{"line":11,"column":4},"end":{"line":11,"column":49}},"8":{"start":{"line":13,"column":2},"end":{"line":13,"column":27}},"9":{"start":{"line":16,"column":20},"end":{"line":18,"column":1}},"10":{"start":{"line":17,"column":2},"end":{"line":17,"column":43}},"11":{"start":{"line":20,"column":12},"end":{"line":20,"column":26}},"12":{"start":{"line":22,"column":0},"end":{"line":27,"column":2}}},"fnMap":{"0":{"name":"(anonymous_0)","decl":{"start":{"line":4,"column":21},"end":{"line":4,"column":22}},"loc":{"start":{"line":4,"column":28},"end":{"line":6,"column":1}},"line":4},"1":{"name":"(anonymous_1)","decl":{"start":{"line":8,"column":21},"end":{"line":8,"column":22}},"loc":{"start":{"line":8,"column":28},"end":{"line":14,"column":1}},"line":8},"2":{"name":"(anonymous_2)","decl":{"start":{"line":16,"column":20},"end":{"line":16,"column":21}},"loc":{"start":{"line":16,"column":26},"end":{"line":18,"column":1}},"line":16}},"branchMap":{},"s":{"0":3,"1":3,"2":3,"3":9,"4":3,"5":1,"6":1,"7":1,"8":1,"9":3,"10":0,"11":3,"12":3},"f":{"0":9,"1":1,"2":0},"b":{},"_coverageSchema":"1a1c01bbd47fc00a2c39e90264f33305004495a9","hash":"a95de3486bc69cd1dd4470e33f3016104e470467"}
,"D:\\Documentos varios\\Documentos\\Rolling - Web Development\\Codigo\\react\\expensify\\server\\helpers\\validar.js": {"path":"D:\\Documentos varios\\Documentos\\Rolling - Web Development\\Codigo\\react\\expensify\\server\\helpers\\validar.js","statementMap":{"0":{"start":{"line":2,"column":2},"end":{"line":67,"column":3}},"1":{"start":{"line":2,"column":15},"end":{"line":2,"column":16}},"2":{"start":{"line":3,"column":16},"end":{"line":3,"column":39}},"3":{"start":{"line":6,"column":4},"end":{"line":66,"column":5}},"4":{"start":{"line":8,"column":8},"end":{"line":10,"column":9}},"5":{"start":{"line":9,"column":10},"end":{"line":9,"column":23}},"6":{"start":{"line":11,"column":8},"end":{"line":11,"column":14}},"7":{"start":{"line":14,"column":8},"end":{"line":16,"column":9}},"8":{"start":{"line":15,"column":10},"end":{"line":15,"column":23}},"9":{"start":{"line":17,"column":8},"end":{"line":17,"column":14}},"10":{"start":{"line":23,"column":8},"end":{"line":25,"column":9}},"11":{"start":{"line":24,"column":10},"end":{"line":24,"column":23}},"12":{"start":{"line":26,"column":8},"end":{"line":26,"column":14}},"13":{"start":{"line":28,"column":8},"end":{"line":30,"column":9}},"14":{"start":{"line":29,"column":10},"end":{"line":29,"column":23}},"15":{"start":{"line":31,"column":8},"end":{"line":31,"column":14}},"16":{"start":{"line":33,"column":8},"end":{"line":39,"column":9}},"17":{"start":{"line":38,"column":10},"end":{"line":38,"column":23}},"18":{"start":{"line":40,"column":8},"end":{"line":40,"column":14}},"19":{"start":{"line":42,"column":8},"end":{"line":48,"column":9}},"20":{"start":{"line":47,"column":10},"end":{"line":47,"column":23}},"21":{"start":{"line":49,"column":8},"end":{"line":49,"column":14}},"22":{"start":{"line":51,"column":8},"end":{"line":53,"column":9}},"23":{"start":{"line":52,"column":10},"end":{"line":52,"column":23}},"24":{"start":{"line":54,"column":8},"end":{"line":54,"column":14}},"25":{"start":{"line":60,"column":8},"end":{"line":62,"column":9}},"26":{"start":{"line":61,"column":10},"end":{"line":61,"column":23}},"27":{"start":{"line":63,"column":8},"end":{"line":63,"column":14}},"28":{"start":{"line":65,"column":8},"end":{"line":65,"column":14}},"29":{"start":{"line":69,"column":2},"end":{"line":69,"column":14}},"30":{"start":{"line":73,"column":13},"end":{"line":73,"column":33}},"31":{"start":{"line":74,"column":2},"end":{"line":74,"column":37}},"32":{"start":{"line":77,"column":0},"end":{"line":77,"column":25}}},"fnMap":{"0":{"name":"validar","decl":{"start":{"line":1,"column":9},"end":{"line":1,"column":16}},"loc":{"start":{"line":1,"column":24},"end":{"line":70,"column":1}},"line":1},"1":{"name":"validateString","decl":{"start":{"line":72,"column":9},"end":{"line":72,"column":23}},"loc":{"start":{"line":72,"column":29},"end":{"line":75,"column":1}},"line":72}},"branchMap":{"0":{"loc":{"start":{"line":6,"column":4},"end":{"line":66,"column":5}},"type":"switch","locations":[{"start":{"line":7,"column":6},"end":{"line":11,"column":14}},{"start":{"line":12,"column":6},"end":{"line":12,"column":18}},{"start":{"line":13,"column":6},"end":{"line":17,"column":14}},{"start":{"line":18,"column":6},"end":{"line":18,"column":19}},{"start":{"line":19,"column":6},"end":{"line":19,"column":19}},{"start":{"line":20,"column":6},"end":{"line":20,"column":26}},{"start":{"line":21,"column":6},"end":{"line":21,"column":32}},{"start":{"line":22,"column":6},"end":{"line":26,"column":14}},{"start":{"line":27,"column":6},"end":{"line":31,"column":14}},{"start":{"line":32,"column":6},"end":{"line":40,"column":14}},{"start":{"line":41,"column":6},"end":{"line":49,"column":14}},{"start":{"line":50,"column":6},"end":{"line":55,"column":7}},{"start":{"line":56,"column":6},"end":{"line":56,"column":21}},{"start":{"line":57,"column":6},"end":{"line":57,"column":27}},{"start":{"line":58,"column":6},"end":{"line":58,"column":32}},{"start":{"line":59,"column":6},"end":{"line":63,"column":14}},{"start":{"line":64,"column":6},"end":{"line":65,"column":14}}],"line":6},"1":{"loc":{"start":{"line":8,"column":8},"end":{"line":10,"column":9}},"type":"if","locations":[{"start":{"line":8,"column":8},"end":{"line":10,"column":9}},{"start":{},"end":{}}],"line":8},"2":{"loc":{"start":{"line":8,"column":12},"end":{"line":8,"column":51}},"type":"binary-expr","locations":[{"start":{"line":8,"column":12},"end":{"line":8,"column":37}},{"start":{"line":8,"column":41},"end":{"line":8,"column":51}}],"line":8},"3":{"loc":{"start":{"line":14,"column":8},"end":{"line":16,"column":9}},"type":"if","locations":[{"start":{"line":14,"column":8},"end":{"line":16,"column":9}},{"start":{},"end":{}}],"line":14},"4":{"loc":{"start":{"line":14,"column":12},"end":{"line":14,"column":75}},"type":"binary-expr","locations":[{"start":{"line":14,"column":12},"end":{"line":14,"column":34}},{"start":{"line":14,"column":38},"end":{"line":14,"column":55}},{"start":{"line":14,"column":59},"end":{"line":14,"column":75}}],"line":14},"5":{"loc":{"start":{"line":23,"column":8},"end":{"line":25,"column":9}},"type":"if","locations":[{"start":{"line":23,"column":8},"end":{"line":25,"column":9}},{"start":{},"end":{}}],"line":23},"6":{"loc":{"start":{"line":23,"column":12},"end":{"line":23,"column":49}},"type":"binary-expr","locations":[{"start":{"line":23,"column":12},"end":{"line":23,"column":29}},{"start":{"line":23,"column":33},"end":{"line":23,"column":49}}],"line":23},"7":{"loc":{"start":{"line":28,"column":8},"end":{"line":30,"column":9}},"type":"if","locations":[{"start":{"line":28,"column":8},"end":{"line":30,"column":9}},{"start":{},"end":{}}],"line":28},"8":{"loc":{"start":{"line":28,"column":12},"end":{"line":28,"column":49}},"type":"binary-expr","locations":[{"start":{"line":28,"column":12},"end":{"line":28,"column":29}},{"start":{"line":28,"column":33},"end":{"line":28,"column":49}}],"line":28},"9":{"loc":{"start":{"line":33,"column":8},"end":{"line":39,"column":9}},"type":"if","locations":[{"start":{"line":33,"column":8},"end":{"line":39,"column":9}},{"start":{},"end":{}}],"line":33},"10":{"loc":{"start":{"line":34,"column":10},"end":{"line":36,"column":65}},"type":"binary-expr","locations":[{"start":{"line":34,"column":10},"end":{"line":34,"column":27}},{"start":{"line":35,"column":10},"end":{"line":35,"column":26}},{"start":{"line":36,"column":10},"end":{"line":36,"column":65}}],"line":34},"11":{"loc":{"start":{"line":42,"column":8},"end":{"line":48,"column":9}},"type":"if","locations":[{"start":{"line":42,"column":8},"end":{"line":48,"column":9}},{"start":{},"end":{}}],"line":42},"12":{"loc":{"start":{"line":43,"column":10},"end":{"line":45,"column":71}},"type":"binary-expr","locations":[{"start":{"line":43,"column":10},"end":{"line":43,"column":26}},{"start":{"line":44,"column":10},"end":{"line":44,"column":27}},{"start":{"line":45,"column":10},"end":{"line":45,"column":71}}],"line":43},"13":{"loc":{"start":{"line":51,"column":8},"end":{"line":53,"column":9}},"type":"if","locations":[{"start":{"line":51,"column":8},"end":{"line":53,"column":9}},{"start":{},"end":{}}],"line":51},"14":{"loc":{"start":{"line":51,"column":12},"end":{"line":51,"column":74}},"type":"binary-expr","locations":[{"start":{"line":51,"column":12},"end":{"line":51,"column":40}},{"start":{"line":51,"column":44},"end":{"line":51,"column":74}}],"line":51},"15":{"loc":{"start":{"line":60,"column":8},"end":{"line":62,"column":9}},"type":"if","locations":[{"start":{"line":60,"column":8},"end":{"line":62,"column":9}},{"start":{},"end":{}}],"line":60},"16":{"loc":{"start":{"line":74,"column":9},"end":{"line":74,"column":36}},"type":"cond-expr","locations":[{"start":{"line":74,"column":24},"end":{"line":74,"column":28}},{"start":{"line":74,"column":31},"end":{"line":74,"column":36}}],"line":74}},"s":{"0":17,"1":17,"2":76,"3":76,"4":17,"5":2,"6":15,"7":4,"8":0,"9":4,"10":23,"11":2,"12":21,"13":11,"14":1,"15":10,"16":0,"17":0,"18":0,"19":0,"20":0,"21":0,"22":0,"23":0,"24":0,"25":0,"26":0,"27":0,"28":21,"29":12,"30":4,"31":4,"32":3},"f":{"0":17,"1":4},"b":{"0":[17,0,4,13,23,23,23,23,11,0,0,0,0,0,0,0,21],"1":[2,15],"2":[17,15],"3":[0,4],"4":[4,4,4],"5":[2,21],"6":[23,23],"7":[1,10],"8":[11,11],"9":[0,0],"10":[0,0,0],"11":[0,0],"12":[0,0,0],"13":[0,0],"14":[0,0],"15":[0,0],"16":[4,0]},"_coverageSchema":"1a1c01bbd47fc00a2c39e90264f33305004495a9","hash":"c8e53880a2d2f5e3b513bc74743b6aa7275b0e52"}
,"D:\\Documentos varios\\Documentos\\Rolling - Web Development\\Codigo\\react\\expensify\\server\\helpers\\validarKeys.js": {"path":"D:\\Documentos varios\\Documentos\\Rolling - Web Development\\Codigo\\react\\expensify\\server\\helpers\\validarKeys.js","statementMap":{"0":{"start":{"line":1,"column":20},"end":{"line":15,"column":1}},"1":{"start":{"line":2,"column":17},"end":{"line":8,"column":5}},"2":{"start":{"line":10,"column":4},"end":{"line":12,"column":5}},"3":{"start":{"line":10,"column":34},"end":{"line":10,"column":64}},"4":{"start":{"line":11,"column":8},"end":{"line":11,"column":20}},"5":{"start":{"line":14,"column":4},"end":{"line":14,"column":17}},"6":{"start":{"line":17,"column":0},"end":{"line":17,"column":29}}},"fnMap":{"0":{"name":"(anonymous_0)","decl":{"start":{"line":1,"column":20},"end":{"line":1,"column":21}},"loc":{"start":{"line":1,"column":35},"end":{"line":15,"column":1}},"line":1},"1":{"name":"(anonymous_1)","decl":{"start":{"line":10,"column":25},"end":{"line":10,"column":26}},"loc":{"start":{"line":10,"column":34},"end":{"line":10,"column":64}},"line":10}},"branchMap":{"0":{"loc":{"start":{"line":10,"column":4},"end":{"line":12,"column":5}},"type":"if","locations":[{"start":{"line":10,"column":4},"end":{"line":12,"column":5}},{"start":{},"end":{}}],"line":10}},"s":{"0":3,"1":10,"2":10,"3":52,"4":8,"5":2,"6":3},"f":{"0":10,"1":52},"b":{"0":[8,2]},"_coverageSchema":"1a1c01bbd47fc00a2c39e90264f33305004495a9","hash":"9e2b0b0e876c9fae097476a0914825f964e27ad7"}
,"D:\\Documentos varios\\Documentos\\Rolling - Web Development\\Codigo\\react\\expensify\\server\\models\\account.js": {"path":"D:\\Documentos varios\\Documentos\\Rolling - Web Development\\Codigo\\react\\expensify\\server\\models\\account.js","statementMap":{"0":{"start":{"line":1,"column":17},"end":{"line":1,"column":36}},"1":{"start":{"line":2,"column":19},"end":{"line":2,"column":27}},"2":{"start":{"line":4,"column":22},"end":{"line":16,"column":2}},"3":{"start":{"line":18,"column":26},"end":{"line":25,"column":2}},"4":{"start":{"line":27,"column":0},"end":{"line":27,"column":63}}},"fnMap":{},"branchMap":{},"s":{"0":3,"1":3,"2":3,"3":3,"4":3},"f":{},"b":{},"_coverageSchema":"1a1c01bbd47fc00a2c39e90264f33305004495a9","hash":"2bb3f29bb94387e12fdb39d48f37a9b77e7d516a"}
,"D:\\Documentos varios\\Documentos\\Rolling - Web Development\\Codigo\\react\\expensify\\server\\models\\category.js": {"path":"D:\\Documentos varios\\Documentos\\Rolling - Web Development\\Codigo\\react\\expensify\\server\\models\\category.js","statementMap":{"0":{"start":{"line":1,"column":17},"end":{"line":1,"column":36}},"1":{"start":{"line":2,"column":19},"end":{"line":2,"column":27}},"2":{"start":{"line":4,"column":23},"end":{"line":27,"column":2}},"3":{"start":{"line":29,"column":27},"end":{"line":35,"column":2}},"4":{"start":{"line":37,"column":0},"end":{"line":37,"column":66}}},"fnMap":{},"branchMap":{},"s":{"0":3,"1":3,"2":3,"3":3,"4":3},"f":{},"b":{},"_coverageSchema":"1a1c01bbd47fc00a2c39e90264f33305004495a9","hash":"4fa4fa0cb896fa665f8cc844377f08302cea0e45"}
,"D:\\Documentos varios\\Documentos\\Rolling - Web Development\\Codigo\\react\\expensify\\server\\models\\user.js": {"path":"D:\\Documentos varios\\Documentos\\Rolling - Web Development\\Codigo\\react\\expensify\\server\\models\\user.js","statementMap":{"0":{"start":{"line":1,"column":17},"end":{"line":1,"column":36}},"1":{"start":{"line":2,"column":15},"end":{"line":2,"column":32}},"2":{"start":{"line":3,"column":19},"end":{"line":3,"column":27}},"3":{"start":{"line":5,"column":19},"end":{"line":33,"column":2}},"4":{"start":{"line":35,"column":0},"end":{"line":37,"column":2}},"5":{"start":{"line":36,"column":2},"end":{"line":36,"column":38}},"6":{"start":{"line":39,"column":0},"end":{"line":41,"column":2}},"7":{"start":{"line":40,"column":2},"end":{"line":40,"column":49}},"8":{"start":{"line":43,"column":0},"end":{"line":43,"column":52}}},"fnMap":{"0":{"name":"(anonymous_0)","decl":{"start":{"line":35,"column":37},"end":{"line":35,"column":38}},"loc":{"start":{"line":35,"column":51},"end":{"line":37,"column":1}},"line":35},"1":{"name":"(anonymous_1)","decl":{"start":{"line":39,"column":37},"end":{"line":39,"column":38}},"loc":{"start":{"line":39,"column":60},"end":{"line":41,"column":1}},"line":39}},"branchMap":{},"s":{"0":3,"1":3,"2":3,"3":3,"4":3,"5":0,"6":3,"7":0,"8":3},"f":{"0":0,"1":0},"b":{},"_coverageSchema":"1a1c01bbd47fc00a2c39e90264f33305004495a9","hash":"7ab187f050d2580d524cc0d18ec9b30cedaf8950"}
,"D:\\Documentos varios\\Documentos\\Rolling - Web Development\\Codigo\\react\\expensify\\server\\passport\\auth-login.js": {"path":"D:\\Documentos varios\\Documentos\\Rolling - Web Development\\Codigo\\react\\expensify\\server\\passport\\auth-login.js","statementMap":{"0":{"start":{"line":1,"column":17},"end":{"line":1,"column":36}},"1":{"start":{"line":2,"column":22},"end":{"line":2,"column":56}},"2":{"start":{"line":4,"column":13},"end":{"line":4,"column":38}},"3":{"start":{"line":5,"column":22},"end":{"line":5,"column":57}},"4":{"start":{"line":7,"column":0},"end":{"line":27,"column":2}},"5":{"start":{"line":16,"column":19},"end":{"line":16,"column":51}},"6":{"start":{"line":18,"column":6},"end":{"line":20,"column":7}},"7":{"start":{"line":19,"column":8},"end":{"line":19,"column":60}},"8":{"start":{"line":21,"column":6},"end":{"line":23,"column":7}},"9":{"start":{"line":22,"column":8},"end":{"line":22,"column":64}},"10":{"start":{"line":24,"column":6},"end":{"line":24,"column":30}},"11":{"start":{"line":29,"column":0},"end":{"line":75,"column":2}},"12":{"start":{"line":38,"column":21},"end":{"line":38,"column":65}},"13":{"start":{"line":39,"column":24},"end":{"line":39,"column":55}},"14":{"start":{"line":41,"column":6},"end":{"line":72,"column":7}},"15":{"start":{"line":42,"column":8},"end":{"line":45,"column":11}},"16":{"start":{"line":46,"column":13},"end":{"line":72,"column":7}},"17":{"start":{"line":47,"column":8},"end":{"line":50,"column":11}},"18":{"start":{"line":52,"column":8},"end":{"line":71,"column":9}},"19":{"start":{"line":53,"column":23},"end":{"line":60,"column":12}},"20":{"start":{"line":62,"column":10},"end":{"line":62,"column":57}},"21":{"start":{"line":64,"column":10},"end":{"line":64,"column":28}},"22":{"start":{"line":65,"column":10},"end":{"line":65,"column":61}},"23":{"start":{"line":67,"column":10},"end":{"line":70,"column":13}},"24":{"start":{"line":77,"column":0},"end":{"line":79,"column":3}},"25":{"start":{"line":78,"column":2},"end":{"line":78,"column":22}},"26":{"start":{"line":81,"column":0},"end":{"line":85,"column":3}},"27":{"start":{"line":82,"column":2},"end":{"line":84,"column":5}},"28":{"start":{"line":83,"column":4},"end":{"line":83,"column":20}}},"fnMap":{"0":{"name":"(anonymous_0)","decl":{"start":{"line":15,"column":4},"end":{"line":15,"column":5}},"loc":{"start":{"line":15,"column":35},"end":{"line":25,"column":5}},"line":15},"1":{"name":"(anonymous_1)","decl":{"start":{"line":37,"column":4},"end":{"line":37,"column":5}},"loc":{"start":{"line":37,"column":40},"end":{"line":73,"column":5}},"line":37},"2":{"name":"(anonymous_2)","decl":{"start":{"line":77,"column":23},"end":{"line":77,"column":24}},"loc":{"start":{"line":77,"column":39},"end":{"line":79,"column":1}},"line":77},"3":{"name":"(anonymous_3)","decl":{"start":{"line":81,"column":25},"end":{"line":81,"column":26}},"loc":{"start":{"line":81,"column":39},"end":{"line":85,"column":1}},"line":81},"4":{"name":"(anonymous_4)","decl":{"start":{"line":82,"column":20},"end":{"line":82,"column":21}},"loc":{"start":{"line":82,"column":35},"end":{"line":84,"column":3}},"line":82}},"branchMap":{"0":{"loc":{"start":{"line":18,"column":6},"end":{"line":20,"column":7}},"type":"if","locations":[{"start":{"line":18,"column":6},"end":{"line":20,"column":7}},{"start":{},"end":{}}],"line":18},"1":{"loc":{"start":{"line":21,"column":6},"end":{"line":23,"column":7}},"type":"if","locations":[{"start":{"line":21,"column":6},"end":{"line":23,"column":7}},{"start":{},"end":{}}],"line":21},"2":{"loc":{"start":{"line":41,"column":6},"end":{"line":72,"column":7}},"type":"if","locations":[{"start":{"line":41,"column":6},"end":{"line":72,"column":7}},{"start":{"line":46,"column":13},"end":{"line":72,"column":7}}],"line":41},"3":{"loc":{"start":{"line":46,"column":13},"end":{"line":72,"column":7}},"type":"if","locations":[{"start":{"line":46,"column":13},"end":{"line":72,"column":7}},{"start":{"line":51,"column":13},"end":{"line":72,"column":7}}],"line":46}},"s":{"0":3,"1":3,"2":3,"3":3,"4":3,"5":0,"6":0,"7":0,"8":0,"9":0,"10":0,"11":3,"12":0,"13":0,"14":0,"15":0,"16":0,"17":0,"18":0,"19":0,"20":0,"21":0,"22":0,"23":0,"24":3,"25":0,"26":3,"27":0,"28":0},"f":{"0":0,"1":0,"2":0,"3":0,"4":0},"b":{"0":[0,0],"1":[0,0],"2":[0,0],"3":[0,0]},"_coverageSchema":"1a1c01bbd47fc00a2c39e90264f33305004495a9","hash":"92fedad8da6c343f18cd3a4c00a42ef8a735ffe3"}
,"D:\\Documentos varios\\Documentos\\Rolling - Web Development\\Codigo\\react\\expensify\\server\\routes\\accounts\\accounts.js": {"path":"D:\\Documentos varios\\Documentos\\Rolling - Web Development\\Codigo\\react\\expensify\\server\\routes\\accounts\\accounts.js","statementMap":{"0":{"start":{"line":1,"column":16},"end":{"line":1,"column":34}},"1":{"start":{"line":2,"column":15},"end":{"line":2,"column":31}},"2":{"start":{"line":4,"column":16},"end":{"line":4,"column":48}},"3":{"start":{"line":5,"column":20},"end":{"line":5,"column":56}},"4":{"start":{"line":6,"column":24},"end":{"line":6,"column":64}},"5":{"start":{"line":7,"column":22},"end":{"line":7,"column":60}},"6":{"start":{"line":8,"column":18},"end":{"line":8,"column":52}},"7":{"start":{"line":10,"column":19},"end":{"line":10,"column":50}},"8":{"start":{"line":12,"column":0},"end":{"line":17,"column":3}},"9":{"start":{"line":13,"column":14},"end":{"line":13,"column":73}},"10":{"start":{"line":15,"column":19},"end":{"line":15,"column":49}},"11":{"start":{"line":16,"column":2},"end":{"line":16,"column":21}},"12":{"start":{"line":19,"column":0},"end":{"line":53,"column":3}},"13":{"start":{"line":20,"column":2},"end":{"line":25,"column":3}},"14":{"start":{"line":21,"column":4},"end":{"line":23,"column":7}},"15":{"start":{"line":24,"column":4},"end":{"line":24,"column":11}},"16":{"start":{"line":27,"column":18},"end":{"line":42,"column":4}},"17":{"start":{"line":44,"column":2},"end":{"line":52,"column":5}},"18":{"start":{"line":45,"column":4},"end":{"line":49,"column":5}},"19":{"start":{"line":46,"column":6},"end":{"line":48,"column":9}},"20":{"start":{"line":51,"column":4},"end":{"line":51,"column":34}},"21":{"start":{"line":55,"column":0},"end":{"line":90,"column":3}},"22":{"start":{"line":56,"column":2},"end":{"line":61,"column":3}},"23":{"start":{"line":57,"column":4},"end":{"line":59,"column":7}},"24":{"start":{"line":60,"column":4},"end":{"line":60,"column":11}},"25":{"start":{"line":63,"column":2},"end":{"line":89,"column":4}},"26":{"start":{"line":81,"column":6},"end":{"line":85,"column":7}},"27":{"start":{"line":82,"column":8},"end":{"line":84,"column":11}},"28":{"start":{"line":87,"column":6},"end":{"line":87,"column":36}},"29":{"start":{"line":92,"column":0},"end":{"line":128,"column":3}},"30":{"start":{"line":93,"column":2},"end":{"line":98,"column":3}},"31":{"start":{"line":94,"column":4},"end":{"line":96,"column":7}},"32":{"start":{"line":97,"column":4},"end":{"line":97,"column":11}},"33":{"start":{"line":100,"column":2},"end":{"line":127,"column":4}},"34":{"start":{"line":105,"column":6},"end":{"line":109,"column":7}},"35":{"start":{"line":106,"column":8},"end":{"line":108,"column":11}},"36":{"start":{"line":111,"column":28},"end":{"line":113,"column":7}},"37":{"start":{"line":112,"column":21},"end":{"line":112,"column":49}},"38":{"start":{"line":115,"column":6},"end":{"line":115,"column":54}},"39":{"start":{"line":117,"column":6},"end":{"line":125,"column":9}},"40":{"start":{"line":118,"column":8},"end":{"line":122,"column":9}},"41":{"start":{"line":119,"column":10},"end":{"line":121,"column":13}},"42":{"start":{"line":124,"column":8},"end":{"line":124,"column":38}},"43":{"start":{"line":131,"column":0},"end":{"line":158,"column":3}},"44":{"start":{"line":132,"column":4},"end":{"line":157,"column":6}},"45":{"start":{"line":137,"column":8},"end":{"line":141,"column":9}},"46":{"start":{"line":138,"column":12},"end":{"line":140,"column":15}},"47":{"start":{"line":143,"column":8},"end":{"line":145,"column":11}},"48":{"start":{"line":144,"column":12},"end":{"line":144,"column":30}},"49":{"start":{"line":147,"column":8},"end":{"line":155,"column":11}},"50":{"start":{"line":148,"column":12},"end":{"line":152,"column":13}},"51":{"start":{"line":149,"column":12},"end":{"line":151,"column":15}},"52":{"start":{"line":154,"column":12},"end":{"line":154,"column":42}},"53":{"start":{"line":160,"column":0},"end":{"line":183,"column":3}},"54":{"start":{"line":161,"column":14},"end":{"line":161,"column":73}},"55":{"start":{"line":163,"column":2},"end":{"line":182,"column":4}},"56":{"start":{"line":174,"column":6},"end":{"line":178,"column":7}},"57":{"start":{"line":175,"column":8},"end":{"line":177,"column":11}},"58":{"start":{"line":180,"column":6},"end":{"line":180,"column":36}},"59":{"start":{"line":185,"column":0},"end":{"line":185,"column":24}}},"fnMap":{"0":{"name":"(anonymous_0)","decl":{"start":{"line":12,"column":45},"end":{"line":12,"column":46}},"loc":{"start":{"line":12,"column":65},"end":{"line":17,"column":1}},"line":12},"1":{"name":"(anonymous_1)","decl":{"start":{"line":19,"column":45},"end":{"line":19,"column":46}},"loc":{"start":{"line":19,"column":59},"end":{"line":53,"column":1}},"line":19},"2":{"name":"(anonymous_2)","decl":{"start":{"line":44,"column":15},"end":{"line":44,"column":16}},"loc":{"start":{"line":44,"column":24},"end":{"line":52,"column":3}},"line":44},"3":{"name":"(anonymous_3)","decl":{"start":{"line":55,"column":44},"end":{"line":55,"column":45}},"loc":{"start":{"line":55,"column":58},"end":{"line":90,"column":1}},"line":55},"4":{"name":"(anonymous_4)","decl":{"start":{"line":80,"column":4},"end":{"line":80,"column":5}},"loc":{"start":{"line":80,"column":22},"end":{"line":88,"column":5}},"line":80},"5":{"name":"(anonymous_5)","decl":{"start":{"line":92,"column":48},"end":{"line":92,"column":49}},"loc":{"start":{"line":92,"column":62},"end":{"line":128,"column":1}},"line":92},"6":{"name":"(anonymous_6)","decl":{"start":{"line":104,"column":4},"end":{"line":104,"column":5}},"loc":{"start":{"line":104,"column":22},"end":{"line":126,"column":5}},"line":104},"7":{"name":"(anonymous_7)","decl":{"start":{"line":112,"column":8},"end":{"line":112,"column":9}},"loc":{"start":{"line":112,"column":21},"end":{"line":112,"column":49}},"line":112},"8":{"name":"(anonymous_8)","decl":{"start":{"line":117,"column":19},"end":{"line":117,"column":20}},"loc":{"start":{"line":117,"column":28},"end":{"line":125,"column":7}},"line":117},"9":{"name":"(anonymous_9)","decl":{"start":{"line":131,"column":51},"end":{"line":131,"column":52}},"loc":{"start":{"line":131,"column":65},"end":{"line":158,"column":1}},"line":131},"10":{"name":"(anonymous_10)","decl":{"start":{"line":136,"column":8},"end":{"line":136,"column":9}},"loc":{"start":{"line":136,"column":26},"end":{"line":156,"column":9}},"line":136},"11":{"name":"(anonymous_11)","decl":{"start":{"line":143,"column":33},"end":{"line":143,"column":34}},"loc":{"start":{"line":143,"column":46},"end":{"line":145,"column":9}},"line":143},"12":{"name":"(anonymous_12)","decl":{"start":{"line":147,"column":21},"end":{"line":147,"column":22}},"loc":{"start":{"line":147,"column":30},"end":{"line":155,"column":9}},"line":147},"13":{"name":"(anonymous_13)","decl":{"start":{"line":160,"column":51},"end":{"line":160,"column":52}},"loc":{"start":{"line":160,"column":65},"end":{"line":183,"column":1}},"line":160},"14":{"name":"(anonymous_14)","decl":{"start":{"line":173,"column":4},"end":{"line":173,"column":5}},"loc":{"start":{"line":173,"column":22},"end":{"line":181,"column":5}},"line":173}},"branchMap":{"0":{"loc":{"start":{"line":13,"column":14},"end":{"line":13,"column":73}},"type":"cond-expr","locations":[{"start":{"line":13,"column":48},"end":{"line":13,"column":58}},{"start":{"line":13,"column":61},"end":{"line":13,"column":73}}],"line":13},"1":{"loc":{"start":{"line":20,"column":2},"end":{"line":25,"column":3}},"type":"if","locations":[{"start":{"line":20,"column":2},"end":{"line":25,"column":3}},{"start":{},"end":{}}],"line":20},"2":{"loc":{"start":{"line":20,"column":6},"end":{"line":20,"column":64}},"type":"binary-expr","locations":[{"start":{"line":20,"column":6},"end":{"line":20,"column":24}},{"start":{"line":20,"column":28},"end":{"line":20,"column":64}}],"line":20},"3":{"loc":{"start":{"line":28,"column":9},"end":{"line":28,"column":70}},"type":"cond-expr","locations":[{"start":{"line":28,"column":43},"end":{"line":28,"column":55}},{"start":{"line":28,"column":58},"end":{"line":28,"column":70}}],"line":28},"4":{"loc":{"start":{"line":45,"column":4},"end":{"line":49,"column":5}},"type":"if","locations":[{"start":{"line":45,"column":4},"end":{"line":49,"column":5}},{"start":{},"end":{}}],"line":45},"5":{"loc":{"start":{"line":56,"column":2},"end":{"line":61,"column":3}},"type":"if","locations":[{"start":{"line":56,"column":2},"end":{"line":61,"column":3}},{"start":{},"end":{}}],"line":56},"6":{"loc":{"start":{"line":56,"column":6},"end":{"line":56,"column":64}},"type":"binary-expr","locations":[{"start":{"line":56,"column":6},"end":{"line":56,"column":24}},{"start":{"line":56,"column":28},"end":{"line":56,"column":64}}],"line":56},"7":{"loc":{"start":{"line":64,"column":11},"end":{"line":64,"column":72}},"type":"cond-expr","locations":[{"start":{"line":64,"column":45},"end":{"line":64,"column":57}},{"start":{"line":64,"column":60},"end":{"line":64,"column":72}}],"line":64},"8":{"loc":{"start":{"line":81,"column":6},"end":{"line":85,"column":7}},"type":"if","locations":[{"start":{"line":81,"column":6},"end":{"line":85,"column":7}},{"start":{},"end":{}}],"line":81},"9":{"loc":{"start":{"line":93,"column":2},"end":{"line":98,"column":3}},"type":"if","locations":[{"start":{"line":93,"column":2},"end":{"line":98,"column":3}},{"start":{},"end":{}}],"line":93},"10":{"loc":{"start":{"line":102,"column":11},"end":{"line":102,"column":72}},"type":"cond-expr","locations":[{"start":{"line":102,"column":45},"end":{"line":102,"column":57}},{"start":{"line":102,"column":60},"end":{"line":102,"column":72}}],"line":102},"11":{"loc":{"start":{"line":105,"column":6},"end":{"line":109,"column":7}},"type":"if","locations":[{"start":{"line":105,"column":6},"end":{"line":109,"column":7}},{"start":{},"end":{}}],"line":105},"12":{"loc":{"start":{"line":118,"column":8},"end":{"line":122,"column":9}},"type":"if","locations":[{"start":{"line":118,"column":8},"end":{"line":122,"column":9}},{"start":{},"end":{}}],"line":118},"13":{"loc":{"start":{"line":134,"column":13},"end":{"line":134,"column":74}},"type":"cond-expr","locations":[{"start":{"line":134,"column":47},"end":{"line":134,"column":59}},{"start":{"line":134,"column":62},"end":{"line":134,"column":74}}],"line":134},"14":{"loc":{"start":{"line":137,"column":8},"end":{"line":141,"column":9}},"type":"if","locations":[{"start":{"line":137,"column":8},"end":{"line":141,"column":9}},{"start":{},"end":{}}],"line":137},"15":{"loc":{"start":{"line":148,"column":12},"end":{"line":152,"column":13}},"type":"if","locations":[{"start":{"line":148,"column":12},"end":{"line":152,"column":13}},{"start":{},"end":{}}],"line":148},"16":{"loc":{"start":{"line":161,"column":14},"end":{"line":161,"column":73}},"type":"cond-expr","locations":[{"start":{"line":161,"column":48},"end":{"line":161,"column":58}},{"start":{"line":161,"column":61},"end":{"line":161,"column":73}}],"line":161},"17":{"loc":{"start":{"line":174,"column":6},"end":{"line":178,"column":7}},"type":"if","locations":[{"start":{"line":174,"column":6},"end":{"line":178,"column":7}},{"start":{},"end":{}}],"line":174}},"s":{"0":3,"1":3,"2":3,"3":3,"4":3,"5":3,"6":3,"7":3,"8":3,"9":1,"10":1,"11":1,"12":3,"13":5,"14":3,"15":3,"16":2,"17":2,"18":2,"19":1,"20":1,"21":3,"22":1,"23":0,"24":0,"25":1,"26":1,"27":0,"28":1,"29":3,"30":1,"31":0,"32":0,"33":1,"34":1,"35":0,"36":1,"37":2,"38":1,"39":1,"40":1,"41":0,"42":1,"43":3,"44":1,"45":1,"46":0,"47":1,"48":2,"49":1,"50":1,"51":0,"52":1,"53":3,"54":1,"55":1,"56":1,"57":0,"58":1,"59":3},"f":{"0":1,"1":5,"2":2,"3":1,"4":1,"5":1,"6":1,"7":2,"8":1,"9":1,"10":1,"11":2,"12":1,"13":1,"14":1},"b":{"0":[1,0],"1":[3,2],"2":[5,3],"3":[2,0],"4":[1,1],"5":[0,1],"6":[1,1],"7":[1,0],"8":[0,1],"9":[0,1],"10":[1,0],"11":[0,1],"12":[0,1],"13":[1,0],"14":[0,1],"15":[0,1],"16":[1,0],"17":[0,1]},"_coverageSchema":"1a1c01bbd47fc00a2c39e90264f33305004495a9","hash":"8ebe18220c8f3f9ea1e05711511232c957ffa6c9"}
,"D:\\Documentos varios\\Documentos\\Rolling - Web Development\\Codigo\\react\\expensify\\server\\routes\\auth\\auth.js": {"path":"D:\\Documentos varios\\Documentos\\Rolling - Web Development\\Codigo\\react\\expensify\\server\\routes\\auth\\auth.js","statementMap":{"0":{"start":{"line":1,"column":16},"end":{"line":1,"column":34}},"1":{"start":{"line":2,"column":17},"end":{"line":2,"column":36}},"2":{"start":{"line":3,"column":15},"end":{"line":3,"column":31}},"3":{"start":{"line":5,"column":16},"end":{"line":5,"column":48}},"4":{"start":{"line":6,"column":24},"end":{"line":6,"column":64}},"5":{"start":{"line":8,"column":0},"end":{"line":26,"column":3}},"6":{"start":{"line":9,"column":2},"end":{"line":15,"column":3}},"7":{"start":{"line":10,"column":4},"end":{"line":13,"column":7}},"8":{"start":{"line":14,"column":4},"end":{"line":14,"column":11}},"9":{"start":{"line":17,"column":2},"end":{"line":25,"column":15}},"10":{"start":{"line":18,"column":4},"end":{"line":20,"column":5}},"11":{"start":{"line":19,"column":6},"end":{"line":19,"column":39}},"12":{"start":{"line":21,"column":4},"end":{"line":23,"column":5}},"13":{"start":{"line":22,"column":6},"end":{"line":22,"column":40}},"14":{"start":{"line":24,"column":4},"end":{"line":24,"column":38}},"15":{"start":{"line":28,"column":0},"end":{"line":45,"column":3}},"16":{"start":{"line":29,"column":2},"end":{"line":35,"column":3}},"17":{"start":{"line":30,"column":4},"end":{"line":33,"column":7}},"18":{"start":{"line":34,"column":4},"end":{"line":34,"column":11}},"19":{"start":{"line":37,"column":2},"end":{"line":44,"column":15}},"20":{"start":{"line":38,"column":4},"end":{"line":40,"column":5}},"21":{"start":{"line":39,"column":6},"end":{"line":39,"column":39}},"22":{"start":{"line":41,"column":4},"end":{"line":43,"column":7}},"23":{"start":{"line":42,"column":6},"end":{"line":42,"column":33}},"24":{"start":{"line":47,"column":0},"end":{"line":49,"column":3}},"25":{"start":{"line":48,"column":2},"end":{"line":48,"column":22}},"26":{"start":{"line":51,"column":0},"end":{"line":53,"column":3}},"27":{"start":{"line":52,"column":2},"end":{"line":52,"column":47}},"28":{"start":{"line":55,"column":0},"end":{"line":58,"column":3}},"29":{"start":{"line":56,"column":2},"end":{"line":56,"column":15}},"30":{"start":{"line":57,"column":2},"end":{"line":57,"column":22}},"31":{"start":{"line":60,"column":0},"end":{"line":70,"column":3}},"32":{"start":{"line":61,"column":2},"end":{"line":69,"column":5}},"33":{"start":{"line":72,"column":0},"end":{"line":72,"column":24}}},"fnMap":{"0":{"name":"(anonymous_0)","decl":{"start":{"line":8,"column":27},"end":{"line":8,"column":28}},"loc":{"start":{"line":8,"column":41},"end":{"line":26,"column":1}},"line":8},"1":{"name":"(anonymous_1)","decl":{"start":{"line":17,"column":40},"end":{"line":17,"column":41}},"loc":{"start":{"line":17,"column":61},"end":{"line":25,"column":3}},"line":17},"2":{"name":"(anonymous_2)","decl":{"start":{"line":28,"column":27},"end":{"line":28,"column":28}},"loc":{"start":{"line":28,"column":41},"end":{"line":45,"column":1}},"line":28},"3":{"name":"(anonymous_3)","decl":{"start":{"line":37,"column":39},"end":{"line":37,"column":40}},"loc":{"start":{"line":37,"column":51},"end":{"line":44,"column":3}},"line":37},"4":{"name":"(anonymous_4)","decl":{"start":{"line":41,"column":19},"end":{"line":41,"column":20}},"loc":{"start":{"line":41,"column":23},"end":{"line":43,"column":5}},"line":41},"5":{"name":"(anonymous_5)","decl":{"start":{"line":47,"column":25},"end":{"line":47,"column":26}},"loc":{"start":{"line":47,"column":39},"end":{"line":49,"column":1}},"line":47},"6":{"name":"(anonymous_6)","decl":{"start":{"line":51,"column":27},"end":{"line":51,"column":28}},"loc":{"start":{"line":51,"column":41},"end":{"line":53,"column":1}},"line":51},"7":{"name":"(anonymous_7)","decl":{"start":{"line":55,"column":29},"end":{"line":55,"column":30}},"loc":{"start":{"line":55,"column":43},"end":{"line":58,"column":1}},"line":55},"8":{"name":"(anonymous_8)","decl":{"start":{"line":60,"column":41},"end":{"line":60,"column":42}},"loc":{"start":{"line":60,"column":55},"end":{"line":70,"column":1}},"line":60}},"branchMap":{"0":{"loc":{"start":{"line":9,"column":2},"end":{"line":15,"column":3}},"type":"if","locations":[{"start":{"line":9,"column":2},"end":{"line":15,"column":3}},{"start":{},"end":{}}],"line":9},"1":{"loc":{"start":{"line":18,"column":4},"end":{"line":20,"column":5}},"type":"if","locations":[{"start":{"line":18,"column":4},"end":{"line":20,"column":5}},{"start":{},"end":{}}],"line":18},"2":{"loc":{"start":{"line":21,"column":4},"end":{"line":23,"column":5}},"type":"if","locations":[{"start":{"line":21,"column":4},"end":{"line":23,"column":5}},{"start":{},"end":{}}],"line":21},"3":{"loc":{"start":{"line":29,"column":2},"end":{"line":35,"column":3}},"type":"if","locations":[{"start":{"line":29,"column":2},"end":{"line":35,"column":3}},{"start":{},"end":{}}],"line":29},"4":{"loc":{"start":{"line":38,"column":4},"end":{"line":40,"column":5}},"type":"if","locations":[{"start":{"line":38,"column":4},"end":{"line":40,"column":5}},{"start":{},"end":{}}],"line":38}},"s":{"0":3,"1":3,"2":3,"3":3,"4":3,"5":3,"6":0,"7":0,"8":0,"9":0,"10":0,"11":0,"12":0,"13":0,"14":0,"15":3,"16":0,"17":0,"18":0,"19":0,"20":0,"21":0,"22":0,"23":0,"24":3,"25":0,"26":3,"27":0,"28":3,"29":0,"30":0,"31":3,"32":0,"33":3},"f":{"0":0,"1":0,"2":0,"3":0,"4":0,"5":0,"6":0,"7":0,"8":0},"b":{"0":[0,0],"1":[0,0],"2":[0,0],"3":[0,0],"4":[0,0]},"_coverageSchema":"1a1c01bbd47fc00a2c39e90264f33305004495a9","hash":"ac90a3eda7cc181d357d569417ec7b86bb6e731d"}
,"D:\\Documentos varios\\Documentos\\Rolling - Web Development\\Codigo\\react\\expensify\\server\\routes\\categories\\categories.js": {"path":"D:\\Documentos varios\\Documentos\\Rolling - Web Development\\Codigo\\react\\expensify\\server\\routes\\categories\\categories.js","statementMap":{"0":{"start":{"line":1,"column":16},"end":{"line":1,"column":34}},"1":{"start":{"line":2,"column":15},"end":{"line":2,"column":31}},"2":{"start":{"line":4,"column":16},"end":{"line":4,"column":48}},"3":{"start":{"line":5,"column":20},"end":{"line":5,"column":56}},"4":{"start":{"line":6,"column":24},"end":{"line":6,"column":64}},"5":{"start":{"line":7,"column":22},"end":{"line":7,"column":60}},"6":{"start":{"line":8,"column":18},"end":{"line":8,"column":52}},"7":{"start":{"line":10,"column":21},"end":{"line":10,"column":53}},"8":{"start":{"line":12,"column":0},"end":{"line":17,"column":3}},"9":{"start":{"line":13,"column":14},"end":{"line":13,"column":73}},"10":{"start":{"line":15,"column":21},"end":{"line":15,"column":56}},"11":{"start":{"line":16,"column":2},"end":{"line":16,"column":35}},"12":{"start":{"line":19,"column":0},"end":{"line":50,"column":3}},"13":{"start":{"line":20,"column":2},"end":{"line":25,"column":3}},"14":{"start":{"line":21,"column":4},"end":{"line":23,"column":7}},"15":{"start":{"line":24,"column":4},"end":{"line":24,"column":11}},"16":{"start":{"line":27,"column":19},"end":{"line":39,"column":4}},"17":{"start":{"line":41,"column":2},"end":{"line":49,"column":5}},"18":{"start":{"line":42,"column":4},"end":{"line":46,"column":5}},"19":{"start":{"line":43,"column":6},"end":{"line":45,"column":9}},"20":{"start":{"line":48,"column":4},"end":{"line":48,"column":24}},"21":{"start":{"line":52,"column":0},"end":{"line":85,"column":3}},"22":{"start":{"line":53,"column":2},"end":{"line":58,"column":3}},"23":{"start":{"line":54,"column":4},"end":{"line":56,"column":7}},"24":{"start":{"line":57,"column":4},"end":{"line":57,"column":11}},"25":{"start":{"line":60,"column":2},"end":{"line":84,"column":4}},"26":{"start":{"line":76,"column":6},"end":{"line":80,"column":7}},"27":{"start":{"line":77,"column":8},"end":{"line":79,"column":11}},"28":{"start":{"line":82,"column":6},"end":{"line":82,"column":37}},"29":{"start":{"line":87,"column":0},"end":{"line":123,"column":3}},"30":{"start":{"line":88,"column":2},"end":{"line":93,"column":3}},"31":{"start":{"line":89,"column":4},"end":{"line":91,"column":7}},"32":{"start":{"line":92,"column":4},"end":{"line":92,"column":11}},"33":{"start":{"line":95,"column":2},"end":{"line":122,"column":4}},"34":{"start":{"line":100,"column":6},"end":{"line":104,"column":7}},"35":{"start":{"line":101,"column":8},"end":{"line":103,"column":11}},"36":{"start":{"line":106,"column":29},"end":{"line":108,"column":7}},"37":{"start":{"line":107,"column":22},"end":{"line":107,"column":51}},"38":{"start":{"line":110,"column":6},"end":{"line":110,"column":58}},"39":{"start":{"line":112,"column":6},"end":{"line":120,"column":9}},"40":{"start":{"line":113,"column":8},"end":{"line":117,"column":9}},"41":{"start":{"line":114,"column":10},"end":{"line":116,"column":13}},"42":{"start":{"line":119,"column":8},"end":{"line":119,"column":28}},"43":{"start":{"line":126,"column":0},"end":{"line":153,"column":3}},"44":{"start":{"line":127,"column":2},"end":{"line":152,"column":4}},"45":{"start":{"line":132,"column":6},"end":{"line":136,"column":7}},"46":{"start":{"line":133,"column":8},"end":{"line":135,"column":11}},"47":{"start":{"line":138,"column":6},"end":{"line":140,"column":9}},"48":{"start":{"line":139,"column":8},"end":{"line":139,"column":27}},"49":{"start":{"line":142,"column":6},"end":{"line":150,"column":9}},"50":{"start":{"line":143,"column":8},"end":{"line":147,"column":9}},"51":{"start":{"line":144,"column":10},"end":{"line":146,"column":13}},"52":{"start":{"line":149,"column":8},"end":{"line":149,"column":28}},"53":{"start":{"line":155,"column":0},"end":{"line":184,"column":3}},"54":{"start":{"line":156,"column":2},"end":{"line":183,"column":4}},"55":{"start":{"line":161,"column":6},"end":{"line":165,"column":7}},"56":{"start":{"line":162,"column":8},"end":{"line":164,"column":11}},"57":{"start":{"line":167,"column":29},"end":{"line":169,"column":7}},"58":{"start":{"line":168,"column":22},"end":{"line":168,"column":51}},"59":{"start":{"line":171,"column":6},"end":{"line":171,"column":54}},"60":{"start":{"line":173,"column":6},"end":{"line":181,"column":9}},"61":{"start":{"line":174,"column":8},"end":{"line":178,"column":9}},"62":{"start":{"line":175,"column":10},"end":{"line":177,"column":13}},"63":{"start":{"line":180,"column":8},"end":{"line":180,"column":28}},"64":{"start":{"line":186,"column":0},"end":{"line":186,"column":24}}},"fnMap":{"0":{"name":"(anonymous_0)","decl":{"start":{"line":12,"column":47},"end":{"line":12,"column":48}},"loc":{"start":{"line":12,"column":67},"end":{"line":17,"column":1}},"line":12},"1":{"name":"(anonymous_1)","decl":{"start":{"line":19,"column":46},"end":{"line":19,"column":47}},"loc":{"start":{"line":19,"column":60},"end":{"line":50,"column":1}},"line":19},"2":{"name":"(anonymous_2)","decl":{"start":{"line":41,"column":16},"end":{"line":41,"column":17}},"loc":{"start":{"line":41,"column":25},"end":{"line":49,"column":3}},"line":41},"3":{"name":"(anonymous_3)","decl":{"start":{"line":52,"column":45},"end":{"line":52,"column":46}},"loc":{"start":{"line":52,"column":59},"end":{"line":85,"column":1}},"line":52},"4":{"name":"(anonymous_4)","decl":{"start":{"line":75,"column":4},"end":{"line":75,"column":5}},"loc":{"start":{"line":75,"column":23},"end":{"line":83,"column":5}},"line":75},"5":{"name":"(anonymous_5)","decl":{"start":{"line":87,"column":49},"end":{"line":87,"column":50}},"loc":{"start":{"line":87,"column":63},"end":{"line":123,"column":1}},"line":87},"6":{"name":"(anonymous_6)","decl":{"start":{"line":99,"column":4},"end":{"line":99,"column":5}},"loc":{"start":{"line":99,"column":23},"end":{"line":121,"column":5}},"line":99},"7":{"name":"(anonymous_7)","decl":{"start":{"line":107,"column":8},"end":{"line":107,"column":9}},"loc":{"start":{"line":107,"column":22},"end":{"line":107,"column":51}},"line":107},"8":{"name":"(anonymous_8)","decl":{"start":{"line":112,"column":20},"end":{"line":112,"column":21}},"loc":{"start":{"line":112,"column":29},"end":{"line":120,"column":7}},"line":112},"9":{"name":"(anonymous_9)","decl":{"start":{"line":126,"column":53},"end":{"line":126,"column":54}},"loc":{"start":{"line":126,"column":67},"end":{"line":153,"column":1}},"line":126},"10":{"name":"(anonymous_10)","decl":{"start":{"line":131,"column":4},"end":{"line":131,"column":5}},"loc":{"start":{"line":131,"column":23},"end":{"line":151,"column":5}},"line":131},"11":{"name":"(anonymous_11)","decl":{"start":{"line":138,"column":34},"end":{"line":138,"column":35}},"loc":{"start":{"line":138,"column":48},"end":{"line":140,"column":7}},"line":138},"12":{"name":"(anonymous_12)","decl":{"start":{"line":142,"column":20},"end":{"line":142,"column":21}},"loc":{"start":{"line":142,"column":29},"end":{"line":150,"column":7}},"line":142},"13":{"name":"(anonymous_13)","decl":{"start":{"line":155,"column":52},"end":{"line":155,"column":53}},"loc":{"start":{"line":155,"column":66},"end":{"line":184,"column":1}},"line":155},"14":{"name":"(anonymous_14)","decl":{"start":{"line":160,"column":4},"end":{"line":160,"column":5}},"loc":{"start":{"line":160,"column":23},"end":{"line":182,"column":5}},"line":160},"15":{"name":"(anonymous_15)","decl":{"start":{"line":168,"column":8},"end":{"line":168,"column":9}},"loc":{"start":{"line":168,"column":22},"end":{"line":168,"column":51}},"line":168},"16":{"name":"(anonymous_16)","decl":{"start":{"line":173,"column":20},"end":{"line":173,"column":21}},"loc":{"start":{"line":173,"column":29},"end":{"line":181,"column":7}},"line":173}},"branchMap":{"0":{"loc":{"start":{"line":13,"column":14},"end":{"line":13,"column":73}},"type":"cond-expr","locations":[{"start":{"line":13,"column":48},"end":{"line":13,"column":58}},{"start":{"line":13,"column":61},"end":{"line":13,"column":73}}],"line":13},"1":{"loc":{"start":{"line":20,"column":2},"end":{"line":25,"column":3}},"type":"if","locations":[{"start":{"line":20,"column":2},"end":{"line":25,"column":3}},{"start":{},"end":{}}],"line":20},"2":{"loc":{"start":{"line":20,"column":6},"end":{"line":20,"column":64}},"type":"binary-expr","locations":[{"start":{"line":20,"column":6},"end":{"line":20,"column":24}},{"start":{"line":20,"column":28},"end":{"line":20,"column":64}}],"line":20},"3":{"loc":{"start":{"line":28,"column":9},"end":{"line":28,"column":70}},"type":"cond-expr","locations":[{"start":{"line":28,"column":43},"end":{"line":28,"column":55}},{"start":{"line":28,"column":58},"end":{"line":28,"column":70}}],"line":28},"4":{"loc":{"start":{"line":42,"column":4},"end":{"line":46,"column":5}},"type":"if","locations":[{"start":{"line":42,"column":4},"end":{"line":46,"column":5}},{"start":{},"end":{}}],"line":42},"5":{"loc":{"start":{"line":53,"column":2},"end":{"line":58,"column":3}},"type":"if","locations":[{"start":{"line":53,"column":2},"end":{"line":58,"column":3}},{"start":{},"end":{}}],"line":53},"6":{"loc":{"start":{"line":53,"column":6},"end":{"line":53,"column":64}},"type":"binary-expr","locations":[{"start":{"line":53,"column":6},"end":{"line":53,"column":24}},{"start":{"line":53,"column":28},"end":{"line":53,"column":64}}],"line":53},"7":{"loc":{"start":{"line":61,"column":11},"end":{"line":61,"column":72}},"type":"cond-expr","locations":[{"start":{"line":61,"column":45},"end":{"line":61,"column":57}},{"start":{"line":61,"column":60},"end":{"line":61,"column":72}}],"line":61},"8":{"loc":{"start":{"line":76,"column":6},"end":{"line":80,"column":7}},"type":"if","locations":[{"start":{"line":76,"column":6},"end":{"line":80,"column":7}},{"start":{},"end":{}}],"line":76},"9":{"loc":{"start":{"line":88,"column":2},"end":{"line":93,"column":3}},"type":"if","locations":[{"start":{"line":88,"column":2},"end":{"line":93,"column":3}},{"start":{},"end":{}}],"line":88},"10":{"loc":{"start":{"line":97,"column":11},"end":{"line":97,"column":72}},"type":"cond-expr","locations":[{"start":{"line":97,"column":45},"end":{"line":97,"column":57}},{"start":{"line":97,"column":60},"end":{"line":97,"column":72}}],"line":97},"11":{"loc":{"start":{"line":100,"column":6},"end":{"line":104,"column":7}},"type":"if","locations":[{"start":{"line":100,"column":6},"end":{"line":104,"column":7}},{"start":{},"end":{}}],"line":100},"12":{"loc":{"start":{"line":113,"column":8},"end":{"line":117,"column":9}},"type":"if","locations":[{"start":{"line":113,"column":8},"end":{"line":117,"column":9}},{"start":{},"end":{}}],"line":113},"13":{"loc":{"start":{"line":129,"column":11},"end":{"line":129,"column":72}},"type":"cond-expr","locations":[{"start":{"line":129,"column":45},"end":{"line":129,"column":57}},{"start":{"line":129,"column":60},"end":{"line":129,"column":72}}],"line":129},"14":{"loc":{"start":{"line":132,"column":6},"end":{"line":136,"column":7}},"type":"if","locations":[{"start":{"line":132,"column":6},"end":{"line":136,"column":7}},{"start":{},"end":{}}],"line":132},"15":{"loc":{"start":{"line":143,"column":8},"end":{"line":147,"column":9}},"type":"if","locations":[{"start":{"line":143,"column":8},"end":{"line":147,"column":9}},{"start":{},"end":{}}],"line":143},"16":{"loc":{"start":{"line":158,"column":11},"end":{"line":158,"column":72}},"type":"cond-expr","locations":[{"start":{"line":158,"column":45},"end":{"line":158,"column":57}},{"start":{"line":158,"column":60},"end":{"line":158,"column":72}}],"line":158},"17":{"loc":{"start":{"line":161,"column":6},"end":{"line":165,"column":7}},"type":"if","locations":[{"start":{"line":161,"column":6},"end":{"line":165,"column":7}},{"start":{},"end":{}}],"line":161},"18":{"loc":{"start":{"line":174,"column":8},"end":{"line":178,"column":9}},"type":"if","locations":[{"start":{"line":174,"column":8},"end":{"line":178,"column":9}},{"start":{},"end":{}}],"line":174}},"s":{"0":3,"1":3,"2":3,"3":3,"4":3,"5":3,"6":3,"7":3,"8":3,"9":4,"10":4,"11":4,"12":3,"13":8,"14":4,"15":4,"16":4,"17":4,"18":4,"19":2,"20":2,"21":3,"22":1,"23":0,"24":0,"25":1,"26":1,"27":0,"28":1,"29":3,"30":1,"31":0,"32":0,"33":1,"34":1,"35":0,"36":1,"37":2,"38":1,"39":1,"40":1,"41":0,"42":1,"43":3,"44":1,"45":1,"46":0,"47":1,"48":1,"49":1,"50":1,"51":0,"52":1,"53":3,"54":1,"55":1,"56":0,"57":1,"58":2,"59":1,"60":1,"61":1,"62":0,"63":1,"64":3},"f":{"0":4,"1":8,"2":4,"3":1,"4":1,"5":1,"6":1,"7":2,"8":1,"9":1,"10":1,"11":1,"12":1,"13":1,"14":1,"15":2,"16":1},"b":{"0":[4,0],"1":[4,4],"2":[8,5],"3":[4,0],"4":[2,2],"5":[0,1],"6":[1,1],"7":[1,0],"8":[0,1],"9":[0,1],"10":[1,0],"11":[0,1],"12":[0,1],"13":[1,0],"14":[0,1],"15":[0,1],"16":[1,0],"17":[0,1],"18":[0,1]},"_coverageSchema":"1a1c01bbd47fc00a2c39e90264f33305004495a9","hash":"f669a359cef418f5cf5fcfbd326ecf6267fe02d8"}
}
