TN:
SF:server.js
FN:50,(anonymous_0)
FNF:1
FNH:0
FNDA:0,(anonymous_0)
DA:1,3
DA:3,3
DA:4,3
DA:5,3
DA:6,3
DA:7,3
DA:9,3
DA:10,3
DA:11,3
DA:12,3
DA:16,3
DA:17,3
DA:20,3
DA:24,3
DA:25,3
DA:26,0
DA:28,3
DA:29,3
DA:30,3
DA:37,3
DA:38,3
DA:41,3
DA:42,3
DA:43,3
DA:49,3
DA:50,0
DA:51,0
DA:55,3
LF:28
LH:25
BRDA:20,0,0,3
BRDA:20,0,1,3
BRDA:25,1,0,0
BRDA:25,1,1,3
BRDA:49,2,0,0
BRDA:49,2,1,3
BRF:6
BRH:4
end_of_record
TN:
SF:database\database.js
FN:6,(anonymous_0)
FN:7,(anonymous_1)
FNF:2
FNH:1
FNDA:2,(anonymous_0)
FNDA:0,(anonymous_1)
DA:1,3
DA:2,3
DA:4,3
DA:6,2
DA:7,0
LF:5
LH:4
BRDA:6,0,0,0
BRDA:6,0,1,2
BRF:2
BRH:1
end_of_record
TN:
SF:database\keys.js
FNF:0
FNH:0
DA:1,3
LF:1
LH:1
BRDA:3,0,0,3
BRDA:3,0,1,0
BRF:2
BRH:1
end_of_record
TN:
SF:helpers\generarCodigo.js
FN:1,generarCodigo
FNF:1
FNH:1
FNDA:8,generarCodigo
DA:2,8
DA:3,8
DA:4,8
DA:5,64
DA:7,8
DA:10,3
LF:6
LH:6
BRF:0
BRH:0
end_of_record
TN:
SF:helpers\isAuthenticated.js
FN:1,isAuthenticated
FNF:1
FNH:1
FNDA:26,isAuthenticated
DA:2,26
DA:3,26
DA:5,0
DA:8,3
LF:4
LH:3
BRDA:2,0,0,26
BRDA:2,0,1,0
BRDA:2,1,0,26
BRDA:2,1,1,0
BRF:4
BRH:2
end_of_record
TN:
SF:helpers\stringify.js
FN:1,stringify
FNF:1
FNH:1
FNDA:8,stringify
DA:2,8
DA:5,3
LF:2
LH:2
BRDA:2,0,0,5
BRDA:2,0,1,3
BRF:2
BRH:2
end_of_record
TN:
SF:helpers\testFunctions.js
FN:4,(anonymous_0)
FN:8,(anonymous_1)
FN:16,(anonymous_2)
FNF:3
FNH:2
FNDA:9,(anonymous_0)
FNDA:1,(anonymous_1)
FNDA:0,(anonymous_2)
DA:1,3
DA:2,3
DA:4,3
DA:5,9
DA:8,3
DA:9,1
DA:10,1
DA:11,1
DA:13,1
DA:16,3
DA:17,0
DA:20,3
DA:22,3
LF:13
LH:12
BRF:0
BRH:0
end_of_record
TN:
SF:helpers\validar.js
FN:1,validar
FN:72,validateString
FNF:2
FNH:2
FNDA:17,validar
FNDA:4,validateString
DA:2,17
DA:3,76
DA:6,76
DA:8,17
DA:9,2
DA:11,15
DA:14,4
DA:15,0
DA:17,4
DA:23,23
DA:24,2
DA:26,21
DA:28,11
DA:29,1
DA:31,10
DA:33,0
DA:38,0
DA:40,0
DA:42,0
DA:47,0
DA:49,0
DA:51,0
DA:52,0
DA:54,0
DA:60,0
DA:61,0
DA:63,0
DA:65,21
DA:69,12
DA:73,4
DA:74,4
DA:77,3
LF:32
LH:19
BRDA:6,0,0,17
BRDA:6,0,1,0
BRDA:6,0,2,4
BRDA:6,0,3,13
BRDA:6,0,4,23
BRDA:6,0,5,23
BRDA:6,0,6,23
BRDA:6,0,7,23
BRDA:6,0,8,11
BRDA:6,0,9,0
BRDA:6,0,10,0
BRDA:6,0,11,0
BRDA:6,0,12,0
BRDA:6,0,13,0
BRDA:6,0,14,0
BRDA:6,0,15,0
BRDA:6,0,16,21
BRDA:8,1,0,2
BRDA:8,1,1,15
BRDA:8,2,0,17
BRDA:8,2,1,15
BRDA:14,3,0,0
BRDA:14,3,1,4
BRDA:14,4,0,4
BRDA:14,4,1,4
BRDA:14,4,2,4
BRDA:23,5,0,2
BRDA:23,5,1,21
BRDA:23,6,0,23
BRDA:23,6,1,23
BRDA:28,7,0,1
BRDA:28,7,1,10
BRDA:28,8,0,11
BRDA:28,8,1,11
BRDA:33,9,0,0
BRDA:33,9,1,0
BRDA:34,10,0,0
BRDA:34,10,1,0
BRDA:34,10,2,0
BRDA:42,11,0,0
BRDA:42,11,1,0
BRDA:43,12,0,0
BRDA:43,12,1,0
BRDA:43,12,2,0
BRDA:51,13,0,0
BRDA:51,13,1,0
BRDA:51,14,0,0
BRDA:51,14,1,0
BRDA:60,15,0,0
BRDA:60,15,1,0
BRDA:74,16,0,4
BRDA:74,16,1,0
BRF:52
BRH:26
end_of_record
TN:
SF:helpers\validarKeys.js
FN:1,(anonymous_0)
FN:10,(anonymous_1)
FNF:2
FNH:2
FNDA:10,(anonymous_0)
FNDA:52,(anonymous_1)
DA:1,3
DA:2,10
DA:10,52
DA:11,8
DA:14,2
DA:17,3
LF:6
LH:6
BRDA:10,0,0,8
BRDA:10,0,1,2
BRF:2
BRH:2
end_of_record
TN:
SF:models\account.js
FNF:0
FNH:0
DA:1,3
DA:2,3
DA:4,3
DA:18,3
DA:27,3
LF:5
LH:5
BRF:0
BRH:0
end_of_record
TN:
SF:models\category.js
FNF:0
FNH:0
DA:1,3
DA:2,3
DA:4,3
DA:29,3
DA:37,3
LF:5
LH:5
BRF:0
BRH:0
end_of_record
TN:
SF:models\user.js
FN:35,(anonymous_0)
FN:39,(anonymous_1)
FNF:2
FNH:0
FNDA:0,(anonymous_0)
FNDA:0,(anonymous_1)
DA:1,3
DA:2,3
DA:3,3
DA:5,3
DA:35,3
DA:36,0
DA:39,3
DA:40,0
DA:43,3
LF:9
LH:7
BRF:0
BRH:0
end_of_record
TN:
SF:passport\auth-login.js
FN:15,(anonymous_0)
FN:37,(anonymous_1)
FN:77,(anonymous_2)
FN:81,(anonymous_3)
FN:82,(anonymous_4)
FNF:5
FNH:0
FNDA:0,(anonymous_0)
FNDA:0,(anonymous_1)
FNDA:0,(anonymous_2)
FNDA:0,(anonymous_3)
FNDA:0,(anonymous_4)
DA:1,3
DA:2,3
DA:4,3
DA:5,3
DA:7,3
DA:16,0
DA:18,0
DA:19,0
DA:21,0
DA:22,0
DA:24,0
DA:29,3
DA:38,0
DA:39,0
DA:41,0
DA:42,0
DA:46,0
DA:47,0
DA:52,0
DA:53,0
DA:62,0
DA:64,0
DA:65,0
DA:67,0
DA:77,3
DA:78,0
DA:81,3
DA:82,0
DA:83,0
LF:29
LH:8
BRDA:18,0,0,0
BRDA:18,0,1,0
BRDA:21,1,0,0
BRDA:21,1,1,0
BRDA:41,2,0,0
BRDA:41,2,1,0
BRDA:46,3,0,0
BRDA:46,3,1,0
BRF:8
BRH:0
end_of_record
TN:
SF:routes\accounts\accounts.js
FN:12,(anonymous_0)
FN:19,(anonymous_1)
FN:44,(anonymous_2)
FN:55,(anonymous_3)
FN:80,(anonymous_4)
FN:92,(anonymous_5)
FN:104,(anonymous_6)
FN:112,(anonymous_7)
FN:117,(anonymous_8)
FN:131,(anonymous_9)
FN:136,(anonymous_10)
FN:143,(anonymous_11)
FN:147,(anonymous_12)
FN:160,(anonymous_13)
FN:173,(anonymous_14)
FNF:15
FNH:15
FNDA:1,(anonymous_0)
FNDA:5,(anonymous_1)
FNDA:2,(anonymous_2)
FNDA:1,(anonymous_3)
FNDA:1,(anonymous_4)
FNDA:1,(anonymous_5)
FNDA:1,(anonymous_6)
FNDA:2,(anonymous_7)
FNDA:1,(anonymous_8)
FNDA:1,(anonymous_9)
FNDA:1,(anonymous_10)
FNDA:2,(anonymous_11)
FNDA:1,(anonymous_12)
FNDA:1,(anonymous_13)
FNDA:1,(anonymous_14)
DA:1,3
DA:2,3
DA:4,3
DA:5,3
DA:6,3
DA:7,3
DA:8,3
DA:10,3
DA:12,3
DA:13,1
DA:15,1
DA:16,1
DA:19,3
DA:20,5
DA:21,3
DA:24,3
DA:27,2
DA:44,2
DA:45,2
DA:46,1
DA:51,1
DA:55,3
DA:56,1
DA:57,0
DA:60,0
DA:63,1
DA:81,1
DA:82,0
DA:87,1
DA:92,3
DA:93,1
DA:94,0
DA:97,0
DA:100,1
DA:105,1
DA:106,0
DA:111,1
DA:112,2
DA:115,1
DA:117,1
DA:118,1
DA:119,0
DA:124,1
DA:131,3
DA:132,1
DA:137,1
DA:138,0
DA:143,1
DA:144,2
DA:147,1
DA:148,1
DA:149,0
DA:154,1
DA:160,3
DA:161,1
DA:163,1
DA:174,1
DA:175,0
DA:180,1
DA:185,3
LF:60
LH:50
BRDA:13,0,0,1
BRDA:13,0,1,0
BRDA:20,1,0,3
BRDA:20,1,1,2
BRDA:20,2,0,5
BRDA:20,2,1,3
BRDA:28,3,0,2
BRDA:28,3,1,0
BRDA:45,4,0,1
BRDA:45,4,1,1
BRDA:56,5,0,0
BRDA:56,5,1,1
BRDA:56,6,0,1
BRDA:56,6,1,1
BRDA:64,7,0,1
BRDA:64,7,1,0
BRDA:81,8,0,0
BRDA:81,8,1,1
BRDA:93,9,0,0
BRDA:93,9,1,1
BRDA:102,10,0,1
BRDA:102,10,1,0
BRDA:105,11,0,0
BRDA:105,11,1,1
BRDA:118,12,0,0
BRDA:118,12,1,1
BRDA:134,13,0,1
BRDA:134,13,1,0
BRDA:137,14,0,0
BRDA:137,14,1,1
BRDA:148,15,0,0
BRDA:148,15,1,1
BRDA:161,16,0,1
BRDA:161,16,1,0
BRDA:174,17,0,0
BRDA:174,17,1,1
BRF:36
BRH:22
end_of_record
TN:
SF:routes\auth\auth.js
FN:8,(anonymous_0)
FN:17,(anonymous_1)
FN:28,(anonymous_2)
FN:37,(anonymous_3)
FN:41,(anonymous_4)
FN:47,(anonymous_5)
FN:51,(anonymous_6)
FN:55,(anonymous_7)
FN:60,(anonymous_8)
FNF:9
FNH:0
FNDA:0,(anonymous_0)
FNDA:0,(anonymous_1)
FNDA:0,(anonymous_2)
FNDA:0,(anonymous_3)
FNDA:0,(anonymous_4)
FNDA:0,(anonymous_5)
FNDA:0,(anonymous_6)
FNDA:0,(anonymous_7)
FNDA:0,(anonymous_8)
DA:1,3
DA:2,3
DA:3,3
DA:5,3
DA:6,3
DA:8,3
DA:9,0
DA:10,0
DA:14,0
DA:17,0
DA:18,0
DA:19,0
DA:21,0
DA:22,0
DA:24,0
DA:28,3
DA:29,0
DA:30,0
DA:34,0
DA:37,0
DA:38,0
DA:39,0
DA:41,0
DA:42,0
DA:47,3
DA:48,0
DA:51,3
DA:52,0
DA:55,3
DA:56,0
DA:57,0
DA:60,3
DA:61,0
DA:72,3
LF:34
LH:12
BRDA:9,0,0,0
BRDA:9,0,1,0
BRDA:18,1,0,0
BRDA:18,1,1,0
BRDA:21,2,0,0
BRDA:21,2,1,0
BRDA:29,3,0,0
BRDA:29,3,1,0
BRDA:38,4,0,0
BRDA:38,4,1,0
BRF:10
BRH:0
end_of_record
TN:
SF:routes\categories\categories.js
FN:12,(anonymous_0)
FN:19,(anonymous_1)
FN:41,(anonymous_2)
FN:52,(anonymous_3)
FN:75,(anonymous_4)
FN:87,(anonymous_5)
FN:99,(anonymous_6)
FN:107,(anonymous_7)
FN:112,(anonymous_8)
FN:126,(anonymous_9)
FN:131,(anonymous_10)
FN:138,(anonymous_11)
FN:142,(anonymous_12)
FN:155,(anonymous_13)
FN:160,(anonymous_14)
FN:168,(anonymous_15)
FN:173,(anonymous_16)
FNF:17
FNH:17
FNDA:4,(anonymous_0)
FNDA:8,(anonymous_1)
FNDA:4,(anonymous_2)
FNDA:1,(anonymous_3)
FNDA:1,(anonymous_4)
FNDA:1,(anonymous_5)
FNDA:1,(anonymous_6)
FNDA:2,(anonymous_7)
FNDA:1,(anonymous_8)
FNDA:1,(anonymous_9)
FNDA:1,(anonymous_10)
FNDA:1,(anonymous_11)
FNDA:1,(anonymous_12)
FNDA:1,(anonymous_13)
FNDA:1,(anonymous_14)
FNDA:2,(anonymous_15)
FNDA:1,(anonymous_16)
DA:1,3
DA:2,3
DA:4,3
DA:5,3
DA:6,3
DA:7,3
DA:8,3
DA:10,3
DA:12,3
DA:13,4
DA:15,4
DA:16,4
DA:19,3
DA:20,8
DA:21,4
DA:24,4
DA:27,4
DA:41,4
DA:42,4
DA:43,2
DA:48,2
DA:52,3
DA:53,1
DA:54,0
DA:57,0
DA:60,1
DA:76,1
DA:77,0
DA:82,1
DA:87,3
DA:88,1
DA:89,0
DA:92,0
DA:95,1
DA:100,1
DA:101,0
DA:106,1
DA:107,2
DA:110,1
DA:112,1
DA:113,1
DA:114,0
DA:119,1
DA:126,3
DA:127,1
DA:132,1
DA:133,0
DA:138,1
DA:139,1
DA:142,1
DA:143,1
DA:144,0
DA:149,1
DA:155,3
DA:156,1
DA:161,1
DA:162,0
DA:167,1
DA:168,2
DA:171,1
DA:173,1
DA:174,1
DA:175,0
DA:180,1
DA:186,3
LF:65
LH:54
BRDA:13,0,0,4
BRDA:13,0,1,0
BRDA:20,1,0,4
BRDA:20,1,1,4
BRDA:20,2,0,8
BRDA:20,2,1,5
BRDA:28,3,0,4
BRDA:28,3,1,0
BRDA:42,4,0,2
BRDA:42,4,1,2
BRDA:53,5,0,0
BRDA:53,5,1,1
BRDA:53,6,0,1
BRDA:53,6,1,1
BRDA:61,7,0,1
BRDA:61,7,1,0
BRDA:76,8,0,0
BRDA:76,8,1,1
BRDA:88,9,0,0
BRDA:88,9,1,1
BRDA:97,10,0,1
BRDA:97,10,1,0
BRDA:100,11,0,0
BRDA:100,11,1,1
BRDA:113,12,0,0
BRDA:113,12,1,1
BRDA:129,13,0,1
BRDA:129,13,1,0
BRDA:132,14,0,0
BRDA:132,14,1,1
BRDA:143,15,0,0
BRDA:143,15,1,1
BRDA:158,16,0,1
BRDA:158,16,1,0
BRDA:161,17,0,0
BRDA:161,17,1,1
BRDA:174,18,0,0
BRDA:174,18,1,1
BRF:38
BRH:23
end_of_record
